<?xml version="1.0" encoding="UTF-8"?>
<!-- Generated by org.testng.reporters.JUnitReportReporter -->
<testsuite hostname="DESKTOP-P1MMKPT" failures="0" tests="1" name="simple.cucumber.ParallelMethod1" time="20.764" errors="0" timestamp="2024-08-28T22:08:27 IST" skipped="0">
  <testcase classname="simple.cucumber.ParallelMethod1" name="f" time="20.764"/>
  <system-out/>
</testsuite> <!-- simple.cucumber.ParallelMethod1 -->
