<?xml version="1.0" encoding="UTF-8"?>
<!-- Generated by org.testng.reporters.JUnitReportReporter -->
<testsuite hostname="DESKTOP-P1MMKPT" failures="0" tests="1" name="simple.cucumber.NewTest" time="0.934" errors="0" timestamp="2024-08-27T08:53:51 IST" skipped="0">
  <testcase classname="simple.cucumber.NewTest" name="f" time="0.934"/>
  <system-out/>
</testsuite> <!-- simple.cucumber.NewTest -->
