<?xml version="1.0" encoding="UTF-8"?>
<!-- Generated by org.testng.reporters.JUnitReportReporter -->
<testsuite hostname="DESKTOP-P1MMKPT" failures="0" tests="1" name="testrunner.TestRunner" time="9.924" errors="0" timestamp="2024-08-31T23:01:30 IST" skipped="0">
  <testcase classname="testrunner.TestRunner" name="runScenario" time="9.924">
    <system-out>
      <![CDATA[order placed successfully]]>
    </system-out>
  </testcase> <!-- runScenario -->
  <system-out>
    <![CDATA[order placed successfully]]>
  </system-out>
</testsuite> <!-- testrunner.TestRunner -->
