<?xml version="1.0" encoding="UTF-8"?>
<!-- Generated by org.testng.reporters.JUnitReportReporter -->
<testsuite hostname="DESKTOP-P1MMKPT" failures="0" tests="2" name="simple.cucumber.NewTest1" time="32.503" errors="0" timestamp="2024-08-28T21:09:44 IST" skipped="0">
  <testcase classname="simple.cucumber.NewTest1" name="f1" time="16.081"/>
  <system-out/>
  <testcase classname="simple.cucumber.NewTest1" name="f" time="16.422"/>
  <system-out/>
</testsuite> <!-- simple.cucumber.NewTest1 -->
