<?xml version="1.0" encoding="UTF-8"?>
<!-- Generated by org.testng.reporters.JUnitReportReporter -->
<testsuite hostname="DESKTOP-P1MMKPT" failures="0" tests="1" name="simple.cucumber.ParallelClass" time="18.649" errors="0" timestamp="2024-08-28T22:08:27 IST" skipped="0">
  <testcase classname="simple.cucumber.ParallelClass" name="loginTest" time="18.649"/>
  <system-out/>
</testsuite> <!-- simple.cucumber.ParallelClass -->
